Determining if the pthread_create exist failed with the following output:
Change Dir: /home/florian/Documents/InMoov/Software/Neural_backbone/catkin_ws/build/CMakeFiles/CMakeTmp

Run Build Command:"/usr/bin/make" "cmTC_4b14b/fast"
/usr/bin/make -f CMakeFiles/cmTC_4b14b.dir/build.make CMakeFiles/cmTC_4b14b.dir/build
make[1] : on entre dans le répertoire « /home/florian/Documents/InMoov/Software/Neural_backbone/catkin_ws/build/CMakeFiles/CMakeTmp »
Building C object CMakeFiles/cmTC_4b14b.dir/CheckSymbolExists.c.o
/usr/bin/cc     -o CMakeFiles/cmTC_4b14b.dir/CheckSymbolExists.c.o   -c /home/florian/Documents/InMoov/Software/Neural_backbone/catkin_ws/build/CMakeFiles/CMakeTmp/CheckSymbolExists.c
Linking C executable cmTC_4b14b
/usr/bin/cmake -E cmake_link_script CMakeFiles/cmTC_4b14b.dir/link.txt --verbose=1
/usr/bin/cc       CMakeFiles/cmTC_4b14b.dir/CheckSymbolExists.c.o  -o cmTC_4b14b -rdynamic 
CMakeFiles/cmTC_4b14b.dir/CheckSymbolExists.c.o : Dans la fonction « main » :
CheckSymbolExists.c:(.text+0x16) : référence indéfinie vers « pthread_create »
collect2: error: ld returned 1 exit status
CMakeFiles/cmTC_4b14b.dir/build.make:97 : la recette pour la cible « cmTC_4b14b » a échouée
make[1]: *** [cmTC_4b14b] Erreur 1
make[1] : on quitte le répertoire « /home/florian/Documents/InMoov/Software/Neural_backbone/catkin_ws/build/CMakeFiles/CMakeTmp »
Makefile:126 : la recette pour la cible « cmTC_4b14b/fast » a échouée
make: *** [cmTC_4b14b/fast] Erreur 2

File /home/florian/Documents/InMoov/Software/Neural_backbone/catkin_ws/build/CMakeFiles/CMakeTmp/CheckSymbolExists.c:
/* */
#include <pthread.h>

int main(int argc, char** argv)
{
  (void)argv;
#ifndef pthread_create
  return ((int*)(&pthread_create))[argc];
#else
  (void)argc;
  return 0;
#endif
}

Determining if the function pthread_create exists in the pthreads failed with the following output:
Change Dir: /home/florian/Documents/InMoov/Software/Neural_backbone/catkin_ws/build/CMakeFiles/CMakeTmp

Run Build Command:"/usr/bin/make" "cmTC_8b195/fast"
/usr/bin/make -f CMakeFiles/cmTC_8b195.dir/build.make CMakeFiles/cmTC_8b195.dir/build
make[1] : on entre dans le répertoire « /home/florian/Documents/InMoov/Software/Neural_backbone/catkin_ws/build/CMakeFiles/CMakeTmp »
Building C object CMakeFiles/cmTC_8b195.dir/CheckFunctionExists.c.o
/usr/bin/cc    -DCHECK_FUNCTION_EXISTS=pthread_create   -o CMakeFiles/cmTC_8b195.dir/CheckFunctionExists.c.o   -c /usr/share/cmake-3.5/Modules/CheckFunctionExists.c
Linking C executable cmTC_8b195
/usr/bin/cmake -E cmake_link_script CMakeFiles/cmTC_8b195.dir/link.txt --verbose=1
/usr/bin/cc   -DCHECK_FUNCTION_EXISTS=pthread_create    CMakeFiles/cmTC_8b195.dir/CheckFunctionExists.c.o  -o cmTC_8b195 -rdynamic -lpthreads 
/usr/bin/ld : ne peut trouver -lpthreads
collect2: error: ld returned 1 exit status
CMakeFiles/cmTC_8b195.dir/build.make:97 : la recette pour la cible « cmTC_8b195 » a échouée
make[1]: *** [cmTC_8b195] Erreur 1
make[1] : on quitte le répertoire « /home/florian/Documents/InMoov/Software/Neural_backbone/catkin_ws/build/CMakeFiles/CMakeTmp »
Makefile:126 : la recette pour la cible « cmTC_8b195/fast » a échouée
make: *** [cmTC_8b195/fast] Erreur 2


