Determining if the pthread_create exist failed with the following output:
Change Dir: /home/florian/Documents/dvb_ws/InMoov/InMoov_ws/build/CMakeFiles/CMakeTmp

Run Build Command:"/usr/bin/make" "cmTC_922f9/fast"
/usr/bin/make -f CMakeFiles/cmTC_922f9.dir/build.make CMakeFiles/cmTC_922f9.dir/build
make[1] : on entre dans le répertoire « /home/florian/Documents/dvb_ws/InMoov/InMoov_ws/build/CMakeFiles/CMakeTmp »
Building C object CMakeFiles/cmTC_922f9.dir/CheckSymbolExists.c.o
/usr/bin/cc     -o CMakeFiles/cmTC_922f9.dir/CheckSymbolExists.c.o   -c /home/florian/Documents/dvb_ws/InMoov/InMoov_ws/build/CMakeFiles/CMakeTmp/CheckSymbolExists.c
Linking C executable cmTC_922f9
/usr/bin/cmake -E cmake_link_script CMakeFiles/cmTC_922f9.dir/link.txt --verbose=1
/usr/bin/cc       CMakeFiles/cmTC_922f9.dir/CheckSymbolExists.c.o  -o cmTC_922f9 -rdynamic 
CMakeFiles/cmTC_922f9.dir/CheckSymbolExists.c.o : Dans la fonction « main » :
CheckSymbolExists.c:(.text+0x16) : référence indéfinie vers « pthread_create »
collect2: error: ld returned 1 exit status
CMakeFiles/cmTC_922f9.dir/build.make:97 : la recette pour la cible « cmTC_922f9 » a échouée
make[1]: *** [cmTC_922f9] Erreur 1
make[1] : on quitte le répertoire « /home/florian/Documents/dvb_ws/InMoov/InMoov_ws/build/CMakeFiles/CMakeTmp »
Makefile:126 : la recette pour la cible « cmTC_922f9/fast » a échouée
make: *** [cmTC_922f9/fast] Erreur 2

File /home/florian/Documents/dvb_ws/InMoov/InMoov_ws/build/CMakeFiles/CMakeTmp/CheckSymbolExists.c:
/* */
#include <pthread.h>

int main(int argc, char** argv)
{
  (void)argv;
#ifndef pthread_create
  return ((int*)(&pthread_create))[argc];
#else
  (void)argc;
  return 0;
#endif
}

Determining if the function pthread_create exists in the pthreads failed with the following output:
Change Dir: /home/florian/Documents/dvb_ws/InMoov/InMoov_ws/build/CMakeFiles/CMakeTmp

Run Build Command:"/usr/bin/make" "cmTC_75dad/fast"
/usr/bin/make -f CMakeFiles/cmTC_75dad.dir/build.make CMakeFiles/cmTC_75dad.dir/build
make[1] : on entre dans le répertoire « /home/florian/Documents/dvb_ws/InMoov/InMoov_ws/build/CMakeFiles/CMakeTmp »
Building C object CMakeFiles/cmTC_75dad.dir/CheckFunctionExists.c.o
/usr/bin/cc    -DCHECK_FUNCTION_EXISTS=pthread_create   -o CMakeFiles/cmTC_75dad.dir/CheckFunctionExists.c.o   -c /usr/share/cmake-3.5/Modules/CheckFunctionExists.c
Linking C executable cmTC_75dad
/usr/bin/cmake -E cmake_link_script CMakeFiles/cmTC_75dad.dir/link.txt --verbose=1
/usr/bin/cc   -DCHECK_FUNCTION_EXISTS=pthread_create    CMakeFiles/cmTC_75dad.dir/CheckFunctionExists.c.o  -o cmTC_75dad -rdynamic -lpthreads 
/usr/bin/ld : ne peut trouver -lpthreads
collect2: error: ld returned 1 exit status
CMakeFiles/cmTC_75dad.dir/build.make:97 : la recette pour la cible « cmTC_75dad » a échouée
make[1]: *** [cmTC_75dad] Erreur 1
make[1] : on quitte le répertoire « /home/florian/Documents/dvb_ws/InMoov/InMoov_ws/build/CMakeFiles/CMakeTmp »
Makefile:126 : la recette pour la cible « cmTC_75dad/fast » a échouée
make: *** [cmTC_75dad/fast] Erreur 2


