Determining if the pthread_create exist failed with the following output:
Change Dir: /home/pi/DVB_InMoov/inmoov_catkin_ws/build_isolated/actionlib/CMakeFiles/CMakeTmp

Run Build Command:"/usr/bin/make" "cmTC_9c212/fast"
/usr/bin/make -f CMakeFiles/cmTC_9c212.dir/build.make CMakeFiles/cmTC_9c212.dir/build
make[1] : on entre dans le répertoire « /home/pi/DVB_InMoov/inmoov_catkin_ws/build_isolated/actionlib/CMakeFiles/CMakeTmp »
Building C object CMakeFiles/cmTC_9c212.dir/CheckSymbolExists.c.o
/usr/bin/cc     -o CMakeFiles/cmTC_9c212.dir/CheckSymbolExists.c.o   -c /home/pi/DVB_InMoov/inmoov_catkin_ws/build_isolated/actionlib/CMakeFiles/CMakeTmp/CheckSymbolExists.c
Linking C executable cmTC_9c212
/usr/bin/cmake -E cmake_link_script CMakeFiles/cmTC_9c212.dir/link.txt --verbose=1
/usr/bin/cc       CMakeFiles/cmTC_9c212.dir/CheckSymbolExists.c.o  -o cmTC_9c212 -rdynamic 
CMakeFiles/cmTC_9c212.dir/CheckSymbolExists.c.o : Dans la fonction « main » :
CheckSymbolExists.c:(.text+0x38) : référence indéfinie vers « pthread_create »
collect2: error: ld returned 1 exit status
CMakeFiles/cmTC_9c212.dir/build.make:97 : la recette pour la cible « cmTC_9c212 » a échouée
make[1]: *** [cmTC_9c212] Erreur 1
make[1] : on quitte le répertoire « /home/pi/DVB_InMoov/inmoov_catkin_ws/build_isolated/actionlib/CMakeFiles/CMakeTmp »
Makefile:126 : la recette pour la cible « cmTC_9c212/fast » a échouée
make: *** [cmTC_9c212/fast] Erreur 2

File /home/pi/DVB_InMoov/inmoov_catkin_ws/build_isolated/actionlib/CMakeFiles/CMakeTmp/CheckSymbolExists.c:
/* */
#include <pthread.h>

int main(int argc, char** argv)
{
  (void)argv;
#ifndef pthread_create
  return ((int*)(&pthread_create))[argc];
#else
  (void)argc;
  return 0;
#endif
}

Determining if the function pthread_create exists in the pthreads failed with the following output:
Change Dir: /home/pi/DVB_InMoov/inmoov_catkin_ws/build_isolated/actionlib/CMakeFiles/CMakeTmp

Run Build Command:"/usr/bin/make" "cmTC_eeb14/fast"
/usr/bin/make -f CMakeFiles/cmTC_eeb14.dir/build.make CMakeFiles/cmTC_eeb14.dir/build
make[1] : on entre dans le répertoire « /home/pi/DVB_InMoov/inmoov_catkin_ws/build_isolated/actionlib/CMakeFiles/CMakeTmp »
Building C object CMakeFiles/cmTC_eeb14.dir/CheckFunctionExists.c.o
/usr/bin/cc    -DCHECK_FUNCTION_EXISTS=pthread_create   -o CMakeFiles/cmTC_eeb14.dir/CheckFunctionExists.c.o   -c /usr/share/cmake-3.7/Modules/CheckFunctionExists.c
Linking C executable cmTC_eeb14
/usr/bin/cmake -E cmake_link_script CMakeFiles/cmTC_eeb14.dir/link.txt --verbose=1
/usr/bin/cc   -DCHECK_FUNCTION_EXISTS=pthread_create    CMakeFiles/cmTC_eeb14.dir/CheckFunctionExists.c.o  -o cmTC_eeb14 -rdynamic -lpthreads 
/usr/bin/ld : ne peut trouver -lpthreads
collect2: error: ld returned 1 exit status
CMakeFiles/cmTC_eeb14.dir/build.make:97 : la recette pour la cible « cmTC_eeb14 » a échouée
make[1]: *** [cmTC_eeb14] Erreur 1
make[1] : on quitte le répertoire « /home/pi/DVB_InMoov/inmoov_catkin_ws/build_isolated/actionlib/CMakeFiles/CMakeTmp »
Makefile:126 : la recette pour la cible « cmTC_eeb14/fast » a échouée
make: *** [cmTC_eeb14/fast] Erreur 2


